<?xml version="1.0" encoding="UTF-8"?>
<testsuite name="co.com.testerscolombia.certification.Runners.MilesCarrental" tests="1" skipped="0" failures="0" errors="0" timestamp="2022-05-27T05:20:38" hostname="DESKTOP-FNIJDGF" time="63.689">
  <properties/>
  <testcase name="search airport and select car" classname="co.com.testerscolombia.certification.Runners.MilesCarrental" time="63.689"/>
  <system-out><![CDATA[00:20:38.662 [Test worker] INFO  i.c.core.plugin.SerenityReporter - Running feature from file:///C:/Users/Administrador/Desktop/AutoMainsoft/3.Milescarrental/src/test/resources/features/milescarrental.feature
00:20:38.756 [Test worker] INFO   - 

-------------------------------------------------------------------------------------
     _______. _______ .______       _______ .__   __.  __  .___________.____    ____ 
    /       ||   ____||   _  \     |   ____||  \ |  | |  | |           |\   \  /   / 
   |   (----`|  |__   |  |_)  |    |  |__   |   \|  | |  | `---|  |----` \   \/   /  
    \   \    |   __|  |      /     |   __|  |  . `  | |  |     |  |       \_    _/   
.----)   |   |  |____ |  |\  \----.|  |____ |  |\   | |  |     |  |         |  |     
|_______/    |_______|| _| `._____||_______||__| \__| |__|     |__|         |__|    
                                                                                     
 News and tutorials at http://www.serenity-bdd.info                                  
 Documentation at https://wakaleo.gitbooks.io/the-serenity-book/content/             
 Join the Serenity Community on Gitter: https://gitter.im/serenity-bdd/serenity-core 
 Serenity BDD Support and Training at http://serenity-bdd.info/#/trainingandsupport  
-------------------------------------------------------------------------------------

00:20:38.764 [Test worker] INFO   - Test Suite Started: search for car in milescarrenta
00:20:38.792 [Test worker] INFO  i.c.core.plugin.SerenityReporter - Running feature from file:///C:/Users/Administrador/Desktop/AutoMainsoft/3.Milescarrental/src/test/resources/features/milescarrental.feature
00:20:38.798 [Test worker] INFO   - Test Suite Started: search for car in milescarrenta

Scenario: search airport and select car                                  ?[90m# src/test/resources/features/milescarrental.feature:3?[0m
00:20:38.926 [Test worker] INFO  i.c.core.plugin.SerenityReporter - Running feature from file:///C:/Users/Administrador/Desktop/AutoMainsoft/3.Milescarrental/src/test/resources/features/milescarrental.feature
00:20:38.954 [Test worker] INFO   - 
  _____   ___   ___   _____     ___   _____     _     ___   _____   ___   ___  
 |_   _| | __| / __| |_   _|   / __| |_   _|   /_\   | _ \ |_   _| | __| |   \ 
   | |   | _|  \__ \   | |     \__ \   | |    / _ \  |   /   | |   | _|  | |) |
   |_|   |___| |___/   |_|     |___/   |_|   /_/ \_\ |_|_\   |_|   |___| |___/ 

search airport and select car(search-for-car-in-milescarrenta;search-airport-and-select-car)
--------------------------------------------------------------------------------
00:20:39.720 [Test worker] INFO  n.s.c.w.d.ChromeDriverProvider - Using automatically driver download
00:20:40.817 [Test worker] INFO  i.g.bonigarcia.wdm.WebDriverManager - Using chromedriver 102.0.5005.61 (resolved driver for Chrome 102)
00:20:40.830 [Test worker] INFO  i.g.bonigarcia.wdm.WebDriverManager - Exporting webdriver.chrome.driver as C:\Users\Administrador\.cache\selenium\chromedriver\win32\102.0.5005.61\chromedriver.exe
  ?[32mGiven ?[0m?[32mthat the user enters the page milescarrenta?[0m                      ?[90m# co.com.testerscolombia.certification.stepdefinitions.MilescarrentalStepDefinition.thatTheUserEntersThePageMilescarrenta()?[0m
  ?[32mWhen ?[0m?[32mthe user searches for airport and date and selects the second car?[0m ?[90m# co.com.testerscolombia.certification.stepdefinitions.MilescarrentalStepDefinition.theUserSearchesForAirportAndDate()?[0m
  ?[32mThen ?[0m?[32mthe pay now button is validated?[0m                                   ?[90m# co.com.testerscolombia.certification.stepdefinitions.MilescarrentalStepDefinition.thePayNowButtonIsValidated()?[0m
00:21:42.027 [Test worker] INFO   - 
  _____   ___   ___   _____     ___     _     ___   ___   ___   ___  
 |_   _| | __| / __| |_   _|   | _ \   /_\   / __| / __| | __| |   \ 
   | |   | _|  \__ \   | |     |  _/  / _ \  \__ \ \__ \ | _|  | |) |
   |_|   |___| |___/   |_|     |_|   /_/ \_\ |___/ |___/ |___| |___/ 

search airport and select car
----------------------------------------------------------------------
]]></system-out>
  <system-err><![CDATA[Starting ChromeDriver 102.0.5005.61 (0e59bcc00cc4985ce39ad31c150065f159d95ad3-refs/branch-heads/5005@{#819}) on port 57141
Only local connections are allowed.
Please see https://chromedriver.chromium.org/security-considerations for suggestions on keeping ChromeDriver safe.
ChromeDriver was started successfully.
may. 27, 2022 12:20:50 A. M. org.openqa.selenium.remote.ProtocolHandshake createSession
INFO: Detected dialect: W3C
may. 27, 2022 12:20:51 A. M. org.openqa.selenium.devtools.CdpVersionFinder findNearestMatch
WARNING: Unable to find an exact match for CDP version 102, so returning the closest version found: a no-op implementation
may. 27, 2022 12:20:51 A. M. org.openqa.selenium.devtools.CdpVersionFinder findNearestMatch
INFO: Unable to find CDP implementation matching 102.
may. 27, 2022 12:20:51 A. M. org.openqa.selenium.chromium.ChromiumDriver lambda$new$3
WARNING: Unable to find version of CDP to use for . You may need to include a dependency on a specific version of the CDP using something similar to `org.seleniumhq.selenium:selenium-devtools-v86:4.1.2` where the version ("v86") matches the version of the chromium-based browser you're using and the version number of the artifact is the same as Selenium's.
Cleaning up unclosed ZipFile for archive C:\Users\Administrador\Desktop\AutoMainsoft\3.Milescarrental\src\test\resources\documents\Data.xlsx
]]></system-err>
</testsuite>
