<?xml version="1.0" encoding="UTF-8"?>
<testsuite name="co.com.testerscolombia.certification.Runners.fill_information" tests="1" skipped="0" failures="0" errors="0" timestamp="2022-05-27T05:16:47" hostname="DESKTOP-FNIJDGF" time="48.536">
  <properties/>
  <testcase name="filling text information" classname="co.com.testerscolombia.certification.Runners.fill_information" time="48.536"/>
  <system-out><![CDATA[00:16:47.302 [Test worker] INFO  i.c.core.plugin.SerenityReporter - Running feature from file:///C:/Users/Administrador/Desktop/AutoMainsoft/2AutomationDemoqa/src/test/resources/features/fill_information.feature
00:16:47.387 [Test worker] INFO   - 

-------------------------------------------------------------------------------------
     _______. _______ .______       _______ .__   __.  __  .___________.____    ____ 
    /       ||   ____||   _  \     |   ____||  \ |  | |  | |           |\   \  /   / 
   |   (----`|  |__   |  |_)  |    |  |__   |   \|  | |  | `---|  |----` \   \/   /  
    \   \    |   __|  |      /     |   __|  |  . `  | |  |     |  |       \_    _/   
.----)   |   |  |____ |  |\  \----.|  |____ |  |\   | |  |     |  |         |  |     
|_______/    |_______|| _| `._____||_______||__| \__| |__|     |__|         |__|    
                                                                                     
 News and tutorials at http://www.serenity-bdd.info                                  
 Documentation at https://wakaleo.gitbooks.io/the-serenity-book/content/             
 Join the Serenity Community on Gitter: https://gitter.im/serenity-bdd/serenity-core 
 Serenity BDD Support and Training at http://serenity-bdd.info/#/trainingandsupport  
-------------------------------------------------------------------------------------

00:16:47.394 [Test worker] INFO   - Test Suite Started: fill text information
00:16:47.417 [Test worker] INFO  i.c.core.plugin.SerenityReporter - Running feature from file:///C:/Users/Administrador/Desktop/AutoMainsoft/2AutomationDemoqa/src/test/resources/features/fill_information.feature
00:16:47.423 [Test worker] INFO   - Test Suite Started: fill text information

Scenario: filling text information                             ?[90m# src/test/resources/features/fill_information.feature:4?[0m
00:16:47.534 [Test worker] INFO  i.c.core.plugin.SerenityReporter - Running feature from file:///C:/Users/Administrador/Desktop/AutoMainsoft/2AutomationDemoqa/src/test/resources/features/fill_information.feature
00:16:47.558 [Test worker] INFO   - 
  _____   ___   ___   _____     ___   _____     _     ___   _____   ___   ___  
 |_   _| | __| / __| |_   _|   / __| |_   _|   /_\   | _ \ |_   _| | __| |   \ 
   | |   | _|  \__ \   | |     \__ \   | |    / _ \  |   /   | |   | _|  | |) |
   |_|   |___| |___/   |_|     |___/   |_|   /_/ \_\ |_|_\   |_|   |___| |___/ 

filling text information(fill-text-information;filling-text-information)
--------------------------------------------------------------------------------
00:16:48.264 [Test worker] INFO  n.s.c.w.d.ChromeDriverProvider - Using automatically driver download
00:16:49.311 [Test worker] INFO  i.g.bonigarcia.wdm.WebDriverManager - Using chromedriver 102.0.5005.61 (resolved driver for Chrome 102)
00:16:49.323 [Test worker] INFO  i.g.bonigarcia.wdm.WebDriverManager - Exporting webdriver.chrome.driver as C:\Users\Administrador\.cache\selenium\chromedriver\win32\102.0.5005.61\chromedriver.exe
  ?[32mGiven ?[0m?[32mthat the user fills in the form on the demoqa.com site?[0m ?[90m# co.com.testerscolombia.certification.stepdefinitions.FillInformationStepDefinition.thatTheUserFillsInTheFormOnTheDemoqaComSite()?[0m
ELEMENTOS ENCONTRADOS 1:1
ELEMENTOS ENCONTRADOS:1
ES VISIBLE EL BUTTON: true
ES VISIBLE EL BUTTON: true
  ?[32mWhen ?[0m?[32mthe user enters the information in the form?[0m             ?[90m# co.com.testerscolombia.certification.stepdefinitions.FillInformationStepDefinition.theUserEntersTheInformationInTheForm()?[0m
  ?[32mThen ?[0m?[32mthe successful submission is validated?[0m                  ?[90m# co.com.testerscolombia.certification.stepdefinitions.FillInformationStepDefinition.theSuccessfulSubmissionIsValidated()?[0m
00:17:35.355 [Test worker] INFO   - 
  _____   ___   ___   _____     ___     _     ___   ___   ___   ___  
 |_   _| | __| / __| |_   _|   | _ \   /_\   / __| / __| | __| |   \ 
   | |   | _|  \__ \   | |     |  _/  / _ \  \__ \ \__ \ | _|  | |) |
   |_|   |___| |___/   |_|     |_|   /_/ \_\ |___/ |___/ |___| |___/ 

filling text information
----------------------------------------------------------------------
]]></system-out>
  <system-err><![CDATA[Starting ChromeDriver 102.0.5005.61 (0e59bcc00cc4985ce39ad31c150065f159d95ad3-refs/branch-heads/5005@{#819}) on port 51498
Only local connections are allowed.
Please see https://chromedriver.chromium.org/security-considerations for suggestions on keeping ChromeDriver safe.
ChromeDriver was started successfully.
may. 27, 2022 12:16:58 A. M. org.openqa.selenium.remote.ProtocolHandshake createSession
INFO: Detected dialect: W3C
may. 27, 2022 12:16:58 A. M. org.openqa.selenium.devtools.CdpVersionFinder findNearestMatch
WARNING: Unable to find an exact match for CDP version 102, so returning the closest version found: a no-op implementation
may. 27, 2022 12:16:58 A. M. org.openqa.selenium.devtools.CdpVersionFinder findNearestMatch
INFO: Unable to find CDP implementation matching 102.
may. 27, 2022 12:16:58 A. M. org.openqa.selenium.chromium.ChromiumDriver lambda$new$3
WARNING: Unable to find version of CDP to use for . You may need to include a dependency on a specific version of the CDP using something similar to `org.seleniumhq.selenium:selenium-devtools-v86:4.1.2` where the version ("v86") matches the version of the chromium-based browser you're using and the version number of the artifact is the same as Selenium's.
Cleaning up unclosed ZipFile for archive C:\Users\Administrador\Desktop\AutoMainsoft\2AutomationDemoqa\src\test\resources\documents\Data.xlsx
]]></system-err>
</testsuite>
