<?xml version="1.0" encoding="UTF-8"?>
<testsuite name="co.com.testerscolombia.certification.Runners.RegisterRunner" tests="1" skipped="0" failures="0" errors="0" timestamp="2022-05-27T06:39:41" hostname="DESKTOP-FNIJDGF" time="60.976">
  <properties/>
  <testcase name="register a new user with valid email address" classname="co.com.testerscolombia.certification.Runners.RegisterRunner" time="60.976"/>
  <system-out><![CDATA[01:39:41.618 [Test worker] INFO  i.c.core.plugin.SerenityReporter - Running feature from file:///C:/Users/Administrador/Desktop/AutoMainsoft/2.AutomationPractice/src/test/resources/features/register.feature
01:39:41.729 [Test worker] INFO   - 

-------------------------------------------------------------------------------------
     _______. _______ .______       _______ .__   __.  __  .___________.____    ____ 
    /       ||   ____||   _  \     |   ____||  \ |  | |  | |           |\   \  /   / 
   |   (----`|  |__   |  |_)  |    |  |__   |   \|  | |  | `---|  |----` \   \/   /  
    \   \    |   __|  |      /     |   __|  |  . `  | |  |     |  |       \_    _/   
.----)   |   |  |____ |  |\  \----.|  |____ |  |\   | |  |     |  |         |  |     
|_______/    |_______|| _| `._____||_______||__| \__| |__|     |__|         |__|    
                                                                                     
 News and tutorials at http://www.serenity-bdd.info                                  
 Documentation at https://wakaleo.gitbooks.io/the-serenity-book/content/             
 Join the Serenity Community on Gitter: https://gitter.im/serenity-bdd/serenity-core 
 Serenity BDD Support and Training at http://serenity-bdd.info/#/trainingandsupport  
-------------------------------------------------------------------------------------

01:39:41.737 [Test worker] INFO   - Test Suite Started: register a new user
01:39:41.770 [Test worker] INFO  i.c.core.plugin.SerenityReporter - Running feature from file:///C:/Users/Administrador/Desktop/AutoMainsoft/2.AutomationPractice/src/test/resources/features/register.feature
01:39:41.776 [Test worker] INFO   - Test Suite Started: register a new user

Scenario: register a new user with valid email address ?[90m# src/test/resources/features/register.feature:4?[0m
01:39:41.940 [Test worker] INFO  i.c.core.plugin.SerenityReporter - Running feature from file:///C:/Users/Administrador/Desktop/AutoMainsoft/2.AutomationPractice/src/test/resources/features/register.feature
01:39:41.970 [Test worker] INFO   - 
  _____   ___   ___   _____     ___   _____     _     ___   _____   ___   ___  
 |_   _| | __| / __| |_   _|   / __| |_   _|   /_\   | _ \ |_   _| | __| |   \ 
   | |   | _|  \__ \   | |     \__ \   | |    / _ \  |   /   | |   | _|  | |) |
   |_|   |___| |___/   |_|     |___/   |_|   /_/ \_\ |_|_\   |_|   |___| |___/ 

register a new user with valid email address(register-a-new-user;register-a-new-user-with-valid-email-address)
--------------------------------------------------------------------------------
01:39:42.872 [Test worker] INFO  n.s.c.w.d.ChromeDriverProvider - Using automatically driver download
01:39:44.062 [Test worker] INFO  i.g.bonigarcia.wdm.WebDriverManager - Using chromedriver 102.0.5005.61 (resolved driver for Chrome 102)
01:39:44.075 [Test worker] INFO  i.g.bonigarcia.wdm.WebDriverManager - Exporting webdriver.chrome.driver as C:\Users\Administrador\.cache\selenium\chromedriver\win32\102.0.5005.61\chromedriver.exe
  ?[32mGiven ?[0m?[32mthe user to enter the page automationpractice?[0m  ?[90m# co.com.testerscolombia.certification.stepdefinitions.RegisterStepDefinition.theUserToEnterThePageAutomationpractice()?[0m
User ---> 69197383donpepito1@gmail.com
  ?[32mWhen ?[0m?[32mrequires registration on the page?[0m               ?[90m# co.com.testerscolombia.certification.stepdefinitions.RegisterStepDefinition.requiresRegistrationOnThePage()?[0m
  ?[32mThen ?[0m?[32mvalidates that your registration is successful?[0m  ?[90m# co.com.testerscolombia.certification.stepdefinitions.RegisterStepDefinition.validatesThatYourRegistrationIsSuccessful()?[0m
01:40:42.185 [Test worker] INFO   - 
  _____   ___   ___   _____     ___     _     ___   ___   ___   ___  
 |_   _| | __| / __| |_   _|   | _ \   /_\   / __| / __| | __| |   \ 
   | |   | _|  \__ \   | |     |  _/  / _ \  \__ \ \__ \ | _|  | |) |
   |_|   |___| |___/   |_|     |_|   /_/ \_\ |___/ |___/ |___| |___/ 

register a new user with valid email address
----------------------------------------------------------------------
]]></system-out>
  <system-err><![CDATA[Starting ChromeDriver 102.0.5005.61 (0e59bcc00cc4985ce39ad31c150065f159d95ad3-refs/branch-heads/5005@{#819}) on port 59514
Only local connections are allowed.
Please see https://chromedriver.chromium.org/security-considerations for suggestions on keeping ChromeDriver safe.
ChromeDriver was started successfully.
may. 27, 2022 1:39:55 A. M. org.openqa.selenium.remote.ProtocolHandshake createSession
INFO: Detected dialect: W3C
may. 27, 2022 1:39:55 A. M. org.openqa.selenium.devtools.CdpVersionFinder findNearestMatch
WARNING: Unable to find an exact match for CDP version 102, so returning the closest version found: a no-op implementation
may. 27, 2022 1:39:55 A. M. org.openqa.selenium.devtools.CdpVersionFinder findNearestMatch
INFO: Unable to find CDP implementation matching 102.
may. 27, 2022 1:39:55 A. M. org.openqa.selenium.chromium.ChromiumDriver lambda$new$3
WARNING: Unable to find version of CDP to use for . You may need to include a dependency on a specific version of the CDP using something similar to `org.seleniumhq.selenium:selenium-devtools-v86:4.1.2` where the version ("v86") matches the version of the chromium-based browser you're using and the version number of the artifact is the same as Selenium's.
Cleaning up unclosed ZipFile for archive C:\Users\Administrador\Desktop\AutoMainsoft\2.AutomationPractice\src\test\resources\documents\Data.xlsx
]]></system-err>
</testsuite>
