<?xml version="1.0" encoding="UTF-8"?>
<testsuite name="co.com.testerscolombia.certification.Runners.MilesCarrental" tests="1" skipped="0" failures="0" errors="0" timestamp="2022-05-27T06:22:23" hostname="DESKTOP-FNIJDGF" time="42.612">
  <properties/>
  <testcase name="open the page milescarrenta and register" classname="co.com.testerscolombia.certification.Runners.MilesCarrental" time="42.612"/>
  <system-out><![CDATA[01:22:23.162 [Test worker] INFO  i.c.core.plugin.SerenityReporter - Running feature from file:///C:/Users/Administrador/Desktop/AutoMainsoft/4.milescarrentalAlternateFlow/src/test/resources/features/milescarrentalFlow2.feature
01:22:23.260 [Test worker] INFO   - 

-------------------------------------------------------------------------------------
     _______. _______ .______       _______ .__   __.  __  .___________.____    ____ 
    /       ||   ____||   _  \     |   ____||  \ |  | |  | |           |\   \  /   / 
   |   (----`|  |__   |  |_)  |    |  |__   |   \|  | |  | `---|  |----` \   \/   /  
    \   \    |   __|  |      /     |   __|  |  . `  | |  |     |  |       \_    _/   
.----)   |   |  |____ |  |\  \----.|  |____ |  |\   | |  |     |  |         |  |     
|_______/    |_______|| _| `._____||_______||__| \__| |__|     |__|         |__|    
                                                                                     
 News and tutorials at http://www.serenity-bdd.info                                  
 Documentation at https://wakaleo.gitbooks.io/the-serenity-book/content/             
 Join the Serenity Community on Gitter: https://gitter.im/serenity-bdd/serenity-core 
 Serenity BDD Support and Training at http://serenity-bdd.info/#/trainingandsupport  
-------------------------------------------------------------------------------------

01:22:23.268 [Test worker] INFO   - Test Suite Started: register on milescarrenta
01:22:23.296 [Test worker] INFO  i.c.core.plugin.SerenityReporter - Running feature from file:///C:/Users/Administrador/Desktop/AutoMainsoft/4.milescarrentalAlternateFlow/src/test/resources/features/milescarrentalFlow2.feature
01:22:23.302 [Test worker] INFO   - Test Suite Started: register on milescarrenta

Scenario: open the page milescarrenta and register  ?[90m# src/test/resources/features/milescarrentalFlow2.feature:3?[0m
01:22:23.422 [Test worker] INFO  i.c.core.plugin.SerenityReporter - Running feature from file:///C:/Users/Administrador/Desktop/AutoMainsoft/4.milescarrentalAlternateFlow/src/test/resources/features/milescarrentalFlow2.feature
01:22:23.450 [Test worker] INFO   - 
  _____   ___   ___   _____     ___   _____     _     ___   _____   ___   ___  
 |_   _| | __| / __| |_   _|   / __| |_   _|   /_\   | _ \ |_   _| | __| |   \ 
   | |   | _|  \__ \   | |     \__ \   | |    / _ \  |   /   | |   | _|  | |) |
   |_|   |___| |___/   |_|     |___/   |_|   /_/ \_\ |_|_\   |_|   |___| |___/ 

open the page milescarrenta and register(register-on-milescarrenta;open-the-page-milescarrenta-and-register)
--------------------------------------------------------------------------------
01:22:24.212 [Test worker] INFO  n.s.c.w.d.ChromeDriverProvider - Using automatically driver download
01:22:25.400 [Test worker] INFO  i.g.bonigarcia.wdm.WebDriverManager - Using chromedriver 102.0.5005.61 (resolved driver for Chrome 102)
01:22:25.413 [Test worker] INFO  i.g.bonigarcia.wdm.WebDriverManager - Exporting webdriver.chrome.driver as C:\Users\Administrador\.cache\selenium\chromedriver\win32\102.0.5005.61\chromedriver.exe
  ?[32mGiven ?[0m?[32mthat the user enters the page milescarrenta?[0m ?[90m# co.com.testerscolombia.certification.stepdefinitions.MilescarrentalFlowStepDefinition.thatTheUserEntersThePageMilescarrenta()?[0m
mensajeeee  : Gracias por registrarte en Miles Car Rental.
  ?[32mWhen ?[0m?[32mthe user performs the registration process?[0m   ?[90m# co.com.testerscolombia.certification.stepdefinitions.MilescarrentalFlowStepDefinition.theUserPerformsTheRegistrationProcess()?[0m
  ?[32mThen ?[0m?[32mthe registration is successfully validated?[0m   ?[90m# co.com.testerscolombia.certification.stepdefinitions.MilescarrentalFlowStepDefinition.theRegistrationIsSuccessfullyValidated()?[0m
01:23:05.283 [Test worker] INFO   - 
  _____   ___   ___   _____     ___     _     ___   ___   ___   ___  
 |_   _| | __| / __| |_   _|   | _ \   /_\   / __| / __| | __| |   \ 
   | |   | _|  \__ \   | |     |  _/  / _ \  \__ \ \__ \ | _|  | |) |
   |_|   |___| |___/   |_|     |_|   /_/ \_\ |___/ |___/ |___| |___/ 

open the page milescarrenta and register
----------------------------------------------------------------------
]]></system-out>
  <system-err><![CDATA[Starting ChromeDriver 102.0.5005.61 (0e59bcc00cc4985ce39ad31c150065f159d95ad3-refs/branch-heads/5005@{#819}) on port 53675
Only local connections are allowed.
Please see https://chromedriver.chromium.org/security-considerations for suggestions on keeping ChromeDriver safe.
ChromeDriver was started successfully.
may. 27, 2022 1:22:36 A. M. org.openqa.selenium.remote.ProtocolHandshake createSession
INFO: Detected dialect: W3C
may. 27, 2022 1:22:36 A. M. org.openqa.selenium.devtools.CdpVersionFinder findNearestMatch
WARNING: Unable to find an exact match for CDP version 102, so returning the closest version found: a no-op implementation
may. 27, 2022 1:22:36 A. M. org.openqa.selenium.devtools.CdpVersionFinder findNearestMatch
INFO: Unable to find CDP implementation matching 102.
may. 27, 2022 1:22:36 A. M. org.openqa.selenium.chromium.ChromiumDriver lambda$new$3
WARNING: Unable to find version of CDP to use for . You may need to include a dependency on a specific version of the CDP using something similar to `org.seleniumhq.selenium:selenium-devtools-v86:4.1.2` where the version ("v86") matches the version of the chromium-based browser you're using and the version number of the artifact is the same as Selenium's.
Cleaning up unclosed ZipFile for archive C:\Users\Administrador\Desktop\AutoMainsoft\4.milescarrentalAlternateFlow\src\test\resources\documents\Data.xlsx
]]></system-err>
</testsuite>
